[debug] [2022-03-13T20:00:04.546Z] ----------------------------------------------------------------------
[debug] [2022-03-13T20:00:04.547Z] Command:       /usr/local/bin/node /usr/local/bin/firebase emulators:start
[debug] [2022-03-13T20:00:04.547Z] CLI Version:   9.16.0
[debug] [2022-03-13T20:00:04.547Z] Platform:      darwin
[debug] [2022-03-13T20:00:04.547Z] Node Version:  v14.17.5
[debug] [2022-03-13T20:00:04.548Z] Time:          Sun Mar 13 2022 23:00:04 GMT+0300 (GMT+03:00)
[debug] [2022-03-13T20:00:04.548Z] ----------------------------------------------------------------------
[debug] 
[debug] [2022-03-13T20:00:04.596Z] > command requires scopes: ["email","openid","https://www.googleapis.com/auth/cloudplatformprojects.readonly","https://www.googleapis.com/auth/firebase","https://www.googleapis.com/auth/cloud-platform"]
[debug] [2022-03-13T20:00:04.596Z] > authorizing via signed-in user (ozgecoskun3@gmail.com)
[info] i  emulators: Starting emulators: functions {"metadata":{"emulator":{"name":"hub"},"message":"Starting emulators: functions"}}
[debug] [2022-03-13T20:00:04.615Z] [hub] writing locator at /var/folders/3q/j7m9rplj35d8rkwj_jd_mxwc0000gn/T/hub-shopping-app-v10.json
[warn] ⚠  functions: The following emulators are not running, calls to these services from the Functions emulator will affect production: auth, firestore, database, hosting, pubsub, storage {"metadata":{"emulator":{"name":"functions"},"message":"The following emulators are not running, calls to these services from the Functions emulator will affect production: \u001b[1mauth, firestore, database, hosting, pubsub, storage\u001b[22m"}}
[info] ✔  functions: Using node@14 from host. {"metadata":{"emulator":{"name":"functions"},"message":"Using node@14 from host."}}
[debug] [2022-03-13T20:00:04.658Z] defaultcredentials: writing to file /Users/ozge/.config/firebase/ozgecoskun3_gmail_com_application_default_credentials.json
[debug] [2022-03-13T20:00:04.662Z] Setting GAC to /Users/ozge/.config/firebase/ozgecoskun3_gmail_com_application_default_credentials.json {"metadata":{"emulator":{"name":"functions"},"message":"Setting GAC to /Users/ozge/.config/firebase/ozgecoskun3_gmail_com_application_default_credentials.json"}}
[debug] [2022-03-13T20:00:04.664Z] >>> [apiv2][query] GET https://firebase.googleapis.com/v1beta1/projects/shopping-app-v10/adminSdkConfig [none]
[debug] [2022-03-13T20:00:05.087Z] <<< [apiv2][status] GET https://firebase.googleapis.com/v1beta1/projects/shopping-app-v10/adminSdkConfig 200
[debug] [2022-03-13T20:00:05.088Z] <<< [apiv2][body] GET https://firebase.googleapis.com/v1beta1/projects/shopping-app-v10/adminSdkConfig {"projectId":"shopping-app-v10","storageBucket":"shopping-app-v10.appspot.com","locationId":"europe-west"}
[debug] [2022-03-13T20:00:05.384Z] Ignoring unsupported arg: auto_download {"metadata":{"emulator":{"name":"ui"},"message":"Ignoring unsupported arg: auto_download"}}
[debug] [2022-03-13T20:00:05.385Z] Ignoring unsupported arg: port {"metadata":{"emulator":{"name":"ui"},"message":"Ignoring unsupported arg: port"}}
[debug] [2022-03-13T20:00:05.385Z] Starting Emulator UI with command {"binary":"node","args":["/Users/ozge/.cache/firebase/emulators/ui-v1.6.0/server.bundle.js"],"optionalArgs":[],"joinArgs":false} {"metadata":{"emulator":{"name":"ui"},"message":"Starting Emulator UI with command {\"binary\":\"node\",\"args\":[\"/Users/ozge/.cache/firebase/emulators/ui-v1.6.0/server.bundle.js\"],\"optionalArgs\":[],\"joinArgs\":false}"}}
[info] i  ui: Emulator UI logging to ui-debug.log {"metadata":{"emulator":{"name":"ui"},"message":"Emulator UI logging to \u001b[1mui-debug.log\u001b[22m"}}
[debug] [2022-03-13T20:00:05.482Z] Web / API server started at localhost:4000
 {"metadata":{"emulator":{"name":"ui"},"message":"Web / API server started at localhost:4000\n"}}
[info] i  functions: Watching "/Users/ozge/Desktop/e-commerce/functions" for Cloud Functions... {"metadata":{"emulator":{"name":"functions"},"message":"Watching \"/Users/ozge/Desktop/e-commerce/functions\" for Cloud Functions..."}}
[debug] [2022-03-13T20:00:05.693Z] [worker-pool] addWorker(~diagnostic~) {"metadata":{"emulator":{"name":"functions"},"message":"[worker-pool] addWorker(~diagnostic~)"}}
[debug] [2022-03-13T20:00:05.694Z] [worker-pool] Adding worker with key ~diagnostic~, total=1 {"metadata":{"emulator":{"name":"functions"},"message":"[worker-pool] Adding worker with key ~diagnostic~, total=1"}}
[debug] [2022-03-13T20:00:05.694Z] [worker-pool] submitWork(triggerId=) {"metadata":{"emulator":{"name":"functions"},"message":"[worker-pool] submitWork(triggerId=)"}}
[debug] [2022-03-13T20:00:05.695Z] [worker-~diagnostic~-4f93d0a6-14a9-4eab-8ba6-965902772afc]: Assigning socketPath: /var/folders/3q/j7m9rplj35d8rkwj_jd_mxwc0000gn/T/fire_emu_9556.sock {"metadata":{"emulator":{"name":"functions"},"message":"[worker-~diagnostic~-4f93d0a6-14a9-4eab-8ba6-965902772afc]: Assigning socketPath: /var/folders/3q/j7m9rplj35d8rkwj_jd_mxwc0000gn/T/fire_emu_9556.sock"}}
[debug] [2022-03-13T20:00:05.695Z] [worker-~diagnostic~-4f93d0a6-14a9-4eab-8ba6-965902772afc]: BUSY {"metadata":{"emulator":{"name":"functions"},"message":"[worker-~diagnostic~-4f93d0a6-14a9-4eab-8ba6-965902772afc]: BUSY"}}
[debug] [2022-03-13T20:00:05.808Z] [runtime-status] [9556] Functions runtime initialized. {"cwd":"/Users/ozge/Desktop/e-commerce/functions","node_version":"14.17.5"} {"metadata":{"emulator":{"name":"functions"},"message":"[runtime-status] [9556] Functions runtime initialized. {\"cwd\":\"/Users/ozge/Desktop/e-commerce/functions\",\"node_version\":\"14.17.5\"}"}}
[debug] [2022-03-13T20:00:05.809Z] [runtime-status] [9556] Disabled runtime features: undefined {"metadata":{"emulator":{"name":"functions"},"message":"[runtime-status] [9556] Disabled runtime features: undefined"}}
[debug] [2022-03-13T20:00:05.810Z] [runtime-status] [9556] Resolved module firebase-admin {"declared":true,"installed":true,"version":"9.12.0","resolution":"/Users/ozge/Desktop/e-commerce/functions/node_modules/firebase-admin/lib/index.js"} {"metadata":{"emulator":{"name":"functions"},"message":"[runtime-status] [9556] Resolved module firebase-admin {\"declared\":true,\"installed\":true,\"version\":\"9.12.0\",\"resolution\":\"/Users/ozge/Desktop/e-commerce/functions/node_modules/firebase-admin/lib/index.js\"}"}}
[debug] [2022-03-13T20:00:05.812Z] [runtime-status] [9556] Resolved module firebase-functions {"declared":true,"installed":true,"version":"3.18.1","resolution":"/Users/ozge/Desktop/e-commerce/functions/node_modules/firebase-functions/lib/index.js"} {"metadata":{"emulator":{"name":"functions"},"message":"[runtime-status] [9556] Resolved module firebase-functions {\"declared\":true,\"installed\":true,\"version\":\"3.18.1\",\"resolution\":\"/Users/ozge/Desktop/e-commerce/functions/node_modules/firebase-functions/lib/index.js\"}"}}
[debug] [2022-03-13T20:00:05.815Z] [runtime-status] [9556] Resolved module firebase-functions {"declared":true,"installed":true,"version":"3.18.1","resolution":"/Users/ozge/Desktop/e-commerce/functions/node_modules/firebase-functions/lib/index.js"} {"metadata":{"emulator":{"name":"functions"},"message":"[runtime-status] [9556] Resolved module firebase-functions {\"declared\":true,\"installed\":true,\"version\":\"3.18.1\",\"resolution\":\"/Users/ozge/Desktop/e-commerce/functions/node_modules/firebase-functions/lib/index.js\"}"}}
[debug] [2022-03-13T20:00:05.816Z] [runtime-status] [9556] Outgoing network have been stubbed. [{"name":"http","status":"mocked"},{"name":"http","status":"mocked"},{"name":"https","status":"mocked"},{"name":"https","status":"mocked"},{"name":"net","status":"mocked"}] {"metadata":{"emulator":{"name":"functions"},"message":"[runtime-status] [9556] Outgoing network have been stubbed. [{\"name\":\"http\",\"status\":\"mocked\"},{\"name\":\"http\",\"status\":\"mocked\"},{\"name\":\"https\",\"status\":\"mocked\"},{\"name\":\"https\",\"status\":\"mocked\"},{\"name\":\"net\",\"status\":\"mocked\"}]"}}
[debug] [2022-03-13T20:00:05.817Z] [runtime-status] [9556] Resolved module firebase-functions {"declared":true,"installed":true,"version":"3.18.1","resolution":"/Users/ozge/Desktop/e-commerce/functions/node_modules/firebase-functions/lib/index.js"} {"metadata":{"emulator":{"name":"functions"},"message":"[runtime-status] [9556] Resolved module firebase-functions {\"declared\":true,\"installed\":true,\"version\":\"3.18.1\",\"resolution\":\"/Users/ozge/Desktop/e-commerce/functions/node_modules/firebase-functions/lib/index.js\"}"}}
[debug] [2022-03-13T20:00:05.846Z] [runtime-status] [9556] Checked functions.config() {"config":{}} {"metadata":{"emulator":{"name":"functions"},"message":"[runtime-status] [9556] Checked functions.config() {\"config\":{}}"}}
[debug] [2022-03-13T20:00:05.846Z] [runtime-status] [9556] firebase-functions has been stubbed. {"functionsResolution":{"declared":true,"installed":true,"version":"3.18.1","resolution":"/Users/ozge/Desktop/e-commerce/functions/node_modules/firebase-functions/lib/index.js"}} {"metadata":{"emulator":{"name":"functions"},"message":"[runtime-status] [9556] firebase-functions has been stubbed. {\"functionsResolution\":{\"declared\":true,\"installed\":true,\"version\":\"3.18.1\",\"resolution\":\"/Users/ozge/Desktop/e-commerce/functions/node_modules/firebase-functions/lib/index.js\"}}"}}
[debug] [2022-03-13T20:00:05.846Z] [runtime-status] [9556] Resolved module firebase-functions {"declared":true,"installed":true,"version":"3.18.1","resolution":"/Users/ozge/Desktop/e-commerce/functions/node_modules/firebase-functions/lib/index.js"} {"metadata":{"emulator":{"name":"functions"},"message":"[runtime-status] [9556] Resolved module firebase-functions {\"declared\":true,\"installed\":true,\"version\":\"3.18.1\",\"resolution\":\"/Users/ozge/Desktop/e-commerce/functions/node_modules/firebase-functions/lib/index.js\"}"}}
[debug] [2022-03-13T20:00:05.847Z] [runtime-status] [9556] Resolved module firebase-admin {"declared":true,"installed":true,"version":"9.12.0","resolution":"/Users/ozge/Desktop/e-commerce/functions/node_modules/firebase-admin/lib/index.js"} {"metadata":{"emulator":{"name":"functions"},"message":"[runtime-status] [9556] Resolved module firebase-admin {\"declared\":true,\"installed\":true,\"version\":\"9.12.0\",\"resolution\":\"/Users/ozge/Desktop/e-commerce/functions/node_modules/firebase-admin/lib/index.js\"}"}}
[debug] [2022-03-13T20:00:05.847Z] [runtime-status] [9556] Resolved module firebase-functions {"declared":true,"installed":true,"version":"3.18.1","resolution":"/Users/ozge/Desktop/e-commerce/functions/node_modules/firebase-functions/lib/index.js"} {"metadata":{"emulator":{"name":"functions"},"message":"[runtime-status] [9556] Resolved module firebase-functions {\"declared\":true,\"installed\":true,\"version\":\"3.18.1\",\"resolution\":\"/Users/ozge/Desktop/e-commerce/functions/node_modules/firebase-functions/lib/index.js\"}"}}
[debug] [2022-03-13T20:00:05.847Z] [runtime-status] [9556] firebase-admin has been stubbed. {"adminResolution":{"declared":true,"installed":true,"version":"9.12.0","resolution":"/Users/ozge/Desktop/e-commerce/functions/node_modules/firebase-admin/lib/index.js"}} {"metadata":{"emulator":{"name":"functions"},"message":"[runtime-status] [9556] firebase-admin has been stubbed. {\"adminResolution\":{\"declared\":true,\"installed\":true,\"version\":\"9.12.0\",\"resolution\":\"/Users/ozge/Desktop/e-commerce/functions/node_modules/firebase-admin/lib/index.js\"}}"}}
[info] ✔  functions[us-central1-api]: http function initialized (http://localhost:5001/shopping-app-v10/us-central1/api). {"metadata":{"emulator":{"name":"functions"},"message":"\u001b[1mhttp\u001b[22m function initialized (http://localhost:5001/shopping-app-v10/us-central1/api)."}}
[info] 
┌─────────────────────────────────────────────────────────────┐
│ ✔  All emulators ready! It is now safe to connect your app. │
│ i  View Emulator UI at http://localhost:4000                │
└─────────────────────────────────────────────────────────────┘

┌───────────┬────────────────┬─────────────────────────────────┐
│ Emulator  │ Host:Port      │ View in Emulator UI             │
├───────────┼────────────────┼─────────────────────────────────┤
│ Functions │ localhost:5001 │ http://localhost:4000/functions │
└───────────┴────────────────┴─────────────────────────────────┘
  Emulator Hub running at localhost:4400
  Other reserved ports: 4500

Issues? Report them at https://github.com/firebase/firebase-tools/issues and attach the *-debug.log files.
 
[debug] [2022-03-13T20:00:05.927Z] [worker-~diagnostic~-4f93d0a6-14a9-4eab-8ba6-965902772afc]: IDLE {"metadata":{"emulator":{"name":"functions"},"message":"[worker-~diagnostic~-4f93d0a6-14a9-4eab-8ba6-965902772afc]: IDLE"}}
[debug] [2022-03-13T20:00:41.451Z] [work-queue] {"queueLength":1,"workRunningCount":0}
[debug] [2022-03-13T20:00:41.452Z] [work-queue] {"queueLength":0,"workRunningCount":1}
[debug] [2022-03-13T20:00:41.452Z] Accepted request POST /shopping-app-v10/us-central1/api/payments/create?total=1099 --> us-central1-api
[debug] [2022-03-13T20:00:41.466Z] [worker-pool] addWorker(us-central1-api) {"metadata":{"emulator":{"name":"functions"},"message":"[worker-pool] addWorker(us-central1-api)"}}
[debug] [2022-03-13T20:00:41.467Z] [worker-pool] Adding worker with key us-central1-api, total=1 {"metadata":{"emulator":{"name":"functions"},"message":"[worker-pool] Adding worker with key us-central1-api, total=1"}}
[debug] [2022-03-13T20:00:41.467Z] [worker-pool] submitWork(triggerId=us-central1-api) {"metadata":{"emulator":{"name":"functions"},"message":"[worker-pool] submitWork(triggerId=us-central1-api)"}}
[debug] [2022-03-13T20:00:41.467Z] [worker-us-central1-api-b5a71b52-ae3c-469c-93e8-ea07618fe597]: Assigning socketPath: /var/folders/3q/j7m9rplj35d8rkwj_jd_mxwc0000gn/T/fire_emu_9568.sock {"metadata":{"emulator":{"name":"functions"},"message":"[worker-us-central1-api-b5a71b52-ae3c-469c-93e8-ea07618fe597]: Assigning socketPath: /var/folders/3q/j7m9rplj35d8rkwj_jd_mxwc0000gn/T/fire_emu_9568.sock"}}
[debug] [2022-03-13T20:00:41.467Z] [worker-us-central1-api-b5a71b52-ae3c-469c-93e8-ea07618fe597]: BUSY {"metadata":{"emulator":{"name":"functions"},"message":"[worker-us-central1-api-b5a71b52-ae3c-469c-93e8-ea07618fe597]: BUSY"}}
[debug] [2022-03-13T20:00:41.611Z] [runtime-status] [9568] Functions runtime initialized. {"cwd":"/Users/ozge/Desktop/e-commerce/functions","node_version":"14.17.5"} {"metadata":{"emulator":{"name":"functions"},"function":{"name":"us-central1-api"},"message":"[runtime-status] [9568] Functions runtime initialized. {\"cwd\":\"/Users/ozge/Desktop/e-commerce/functions\",\"node_version\":\"14.17.5\"}"}}
[debug] [2022-03-13T20:00:41.612Z] [runtime-status] [9568] Disabled runtime features: undefined {"metadata":{"emulator":{"name":"functions"},"function":{"name":"us-central1-api"},"message":"[runtime-status] [9568] Disabled runtime features: undefined"}}
[debug] [2022-03-13T20:00:41.613Z] [runtime-status] [9568] Resolved module firebase-admin {"declared":true,"installed":true,"version":"9.12.0","resolution":"/Users/ozge/Desktop/e-commerce/functions/node_modules/firebase-admin/lib/index.js"} {"metadata":{"emulator":{"name":"functions"},"function":{"name":"us-central1-api"},"message":"[runtime-status] [9568] Resolved module firebase-admin {\"declared\":true,\"installed\":true,\"version\":\"9.12.0\",\"resolution\":\"/Users/ozge/Desktop/e-commerce/functions/node_modules/firebase-admin/lib/index.js\"}"}}
[debug] [2022-03-13T20:00:41.615Z] [runtime-status] [9568] Resolved module firebase-functions {"declared":true,"installed":true,"version":"3.18.1","resolution":"/Users/ozge/Desktop/e-commerce/functions/node_modules/firebase-functions/lib/index.js"} {"metadata":{"emulator":{"name":"functions"},"function":{"name":"us-central1-api"},"message":"[runtime-status] [9568] Resolved module firebase-functions {\"declared\":true,\"installed\":true,\"version\":\"3.18.1\",\"resolution\":\"/Users/ozge/Desktop/e-commerce/functions/node_modules/firebase-functions/lib/index.js\"}"}}
[debug] [2022-03-13T20:00:41.618Z] [runtime-status] [9568] Resolved module firebase-functions {"declared":true,"installed":true,"version":"3.18.1","resolution":"/Users/ozge/Desktop/e-commerce/functions/node_modules/firebase-functions/lib/index.js"} {"metadata":{"emulator":{"name":"functions"},"function":{"name":"us-central1-api"},"message":"[runtime-status] [9568] Resolved module firebase-functions {\"declared\":true,\"installed\":true,\"version\":\"3.18.1\",\"resolution\":\"/Users/ozge/Desktop/e-commerce/functions/node_modules/firebase-functions/lib/index.js\"}"}}
[debug] [2022-03-13T20:00:41.620Z] [runtime-status] [9568] Outgoing network have been stubbed. [{"name":"http","status":"mocked"},{"name":"http","status":"mocked"},{"name":"https","status":"mocked"},{"name":"https","status":"mocked"},{"name":"net","status":"mocked"}] {"metadata":{"emulator":{"name":"functions"},"function":{"name":"us-central1-api"},"message":"[runtime-status] [9568] Outgoing network have been stubbed. [{\"name\":\"http\",\"status\":\"mocked\"},{\"name\":\"http\",\"status\":\"mocked\"},{\"name\":\"https\",\"status\":\"mocked\"},{\"name\":\"https\",\"status\":\"mocked\"},{\"name\":\"net\",\"status\":\"mocked\"}]"}}
[debug] [2022-03-13T20:00:41.620Z] [runtime-status] [9568] Resolved module firebase-functions {"declared":true,"installed":true,"version":"3.18.1","resolution":"/Users/ozge/Desktop/e-commerce/functions/node_modules/firebase-functions/lib/index.js"} {"metadata":{"emulator":{"name":"functions"},"function":{"name":"us-central1-api"},"message":"[runtime-status] [9568] Resolved module firebase-functions {\"declared\":true,\"installed\":true,\"version\":\"3.18.1\",\"resolution\":\"/Users/ozge/Desktop/e-commerce/functions/node_modules/firebase-functions/lib/index.js\"}"}}
[debug] [2022-03-13T20:00:41.654Z] [runtime-status] [9568] Checked functions.config() {"config":{}} {"metadata":{"emulator":{"name":"functions"},"function":{"name":"us-central1-api"},"message":"[runtime-status] [9568] Checked functions.config() {\"config\":{}}"}}
[debug] [2022-03-13T20:00:41.654Z] [runtime-status] [9568] firebase-functions has been stubbed. {"functionsResolution":{"declared":true,"installed":true,"version":"3.18.1","resolution":"/Users/ozge/Desktop/e-commerce/functions/node_modules/firebase-functions/lib/index.js"}} {"metadata":{"emulator":{"name":"functions"},"function":{"name":"us-central1-api"},"message":"[runtime-status] [9568] firebase-functions has been stubbed. {\"functionsResolution\":{\"declared\":true,\"installed\":true,\"version\":\"3.18.1\",\"resolution\":\"/Users/ozge/Desktop/e-commerce/functions/node_modules/firebase-functions/lib/index.js\"}}"}}
[debug] [2022-03-13T20:00:41.655Z] [runtime-status] [9568] Resolved module firebase-functions {"declared":true,"installed":true,"version":"3.18.1","resolution":"/Users/ozge/Desktop/e-commerce/functions/node_modules/firebase-functions/lib/index.js"} {"metadata":{"emulator":{"name":"functions"},"function":{"name":"us-central1-api"},"message":"[runtime-status] [9568] Resolved module firebase-functions {\"declared\":true,\"installed\":true,\"version\":\"3.18.1\",\"resolution\":\"/Users/ozge/Desktop/e-commerce/functions/node_modules/firebase-functions/lib/index.js\"}"}}
[debug] [2022-03-13T20:00:41.655Z] [runtime-status] [9568] Resolved module firebase-admin {"declared":true,"installed":true,"version":"9.12.0","resolution":"/Users/ozge/Desktop/e-commerce/functions/node_modules/firebase-admin/lib/index.js"} {"metadata":{"emulator":{"name":"functions"},"function":{"name":"us-central1-api"},"message":"[runtime-status] [9568] Resolved module firebase-admin {\"declared\":true,\"installed\":true,\"version\":\"9.12.0\",\"resolution\":\"/Users/ozge/Desktop/e-commerce/functions/node_modules/firebase-admin/lib/index.js\"}"}}
[debug] [2022-03-13T20:00:41.655Z] [runtime-status] [9568] Resolved module firebase-functions {"declared":true,"installed":true,"version":"3.18.1","resolution":"/Users/ozge/Desktop/e-commerce/functions/node_modules/firebase-functions/lib/index.js"} {"metadata":{"emulator":{"name":"functions"},"function":{"name":"us-central1-api"},"message":"[runtime-status] [9568] Resolved module firebase-functions {\"declared\":true,\"installed\":true,\"version\":\"3.18.1\",\"resolution\":\"/Users/ozge/Desktop/e-commerce/functions/node_modules/firebase-functions/lib/index.js\"}"}}
[debug] [2022-03-13T20:00:41.655Z] [runtime-status] [9568] firebase-admin has been stubbed. {"adminResolution":{"declared":true,"installed":true,"version":"9.12.0","resolution":"/Users/ozge/Desktop/e-commerce/functions/node_modules/firebase-admin/lib/index.js"}} {"metadata":{"emulator":{"name":"functions"},"function":{"name":"us-central1-api"},"message":"[runtime-status] [9568] firebase-admin has been stubbed. {\"adminResolution\":{\"declared\":true,\"installed\":true,\"version\":\"9.12.0\",\"resolution\":\"/Users/ozge/Desktop/e-commerce/functions/node_modules/firebase-admin/lib/index.js\"}}"}}
[debug] [2022-03-13T20:00:41.730Z] [runtime-status] [9568] Trigger "us-central1-api" has been found, beginning invocation! {"metadata":{"emulator":{"name":"functions"},"function":{"name":"us-central1-api"},"message":"[runtime-status] [9568] Trigger \"us-central1-api\" has been found, beginning invocation!"}}
[info] i  functions: Beginning execution of "us-central1-api" {"metadata":{"emulator":{"name":"functions"},"function":{"name":"us-central1-api"},"message":"Beginning execution of \"us-central1-api\""}}
[debug] [2022-03-13T20:00:41.731Z] [runtime-status] [9568] triggerDefinition {"httpsTrigger":{},"name":"api","entryPoint":"api","regions":["us-central1"],"region":"us-central1","id":"us-central1-api"} {"metadata":{"emulator":{"name":"functions"},"function":{"name":"us-central1-api"},"message":"[runtime-status] [9568] triggerDefinition {\"httpsTrigger\":{},\"name\":\"api\",\"entryPoint\":\"api\",\"regions\":[\"us-central1\"],\"region\":\"us-central1\",\"id\":\"us-central1-api\"}"}}
[debug] [2022-03-13T20:00:41.731Z] [runtime-status] [9568] Running us-central1-api in mode HTTPS {"metadata":{"emulator":{"name":"functions"},"function":{"name":"us-central1-api"},"message":"[runtime-status] [9568] Running us-central1-api in mode HTTPS"}}
[debug] [2022-03-13T20:00:41.734Z] [runtime-status] [9568] Attempting to listen to socketPath: /var/folders/3q/j7m9rplj35d8rkwj_jd_mxwc0000gn/T/fire_emu_9568.sock {"metadata":{"emulator":{"name":"functions"},"function":{"name":"us-central1-api"},"message":"[runtime-status] [9568] Attempting to listen to socketPath: /var/folders/3q/j7m9rplj35d8rkwj_jd_mxwc0000gn/T/fire_emu_9568.sock"}}
[debug] [2022-03-13T20:00:41.741Z] [functions] Runtime ready! Sending request! {"metadata":{"emulator":{"name":"functions"},"message":"[functions] Runtime ready! Sending request!"}}
[debug] [2022-03-13T20:00:41.742Z] [functions] Got req.url=/shopping-app-v10/us-central1/api/payments/create?total=1099, mapping to path=/payments/create?total=1099 {"metadata":{"emulator":{"name":"functions"},"message":"[functions] Got req.url=/shopping-app-v10/us-central1/api/payments/create?total=1099, mapping to path=/payments/create?total=1099"}}
[debug] [2022-03-13T20:00:41.750Z] [runtime-status] [9568] Ephemeral server handling POST request {"metadata":{"emulator":{"name":"functions"},"function":{"name":"us-central1-api"},"message":"[runtime-status] [9568] Ephemeral server handling POST request"}}
[info] >  Payment Request Recieved BOOM!!! for this amount >>>  1099 {"user":"Payment Request Recieved BOOM!!! for this amount >>>  1099","metadata":{"emulator":{"name":"functions"},"function":{"name":"us-central1-api"},"message":"\u001b[90m> \u001b[39m Payment Request Recieved BOOM!!! for this amount >>>  1099"}}
[debug] [2022-03-13T20:00:41.768Z] [runtime-status] [9568] Ephemeral server survived. {"metadata":{"emulator":{"name":"functions"},"function":{"name":"us-central1-api"},"message":"[runtime-status] [9568] Ephemeral server survived."}}
[info] i  functions: Finished "us-central1-api" in ~1s {"metadata":{"emulator":{"name":"functions"},"function":{"name":"us-central1-api"},"message":"Finished \"us-central1-api\" in ~1s"}}
[debug] [2022-03-13T20:00:42.709Z] [worker-us-central1-api-b5a71b52-ae3c-469c-93e8-ea07618fe597]: IDLE {"metadata":{"emulator":{"name":"functions"},"message":"[worker-us-central1-api-b5a71b52-ae3c-469c-93e8-ea07618fe597]: IDLE"}}
[debug] [2022-03-13T20:00:42.710Z] [work-queue] {"queueLength":0,"workRunningCount":0}
[debug] [2022-03-13T20:00:43.888Z] [work-queue] {"queueLength":1,"workRunningCount":0}
[debug] [2022-03-13T20:00:43.889Z] [work-queue] {"queueLength":0,"workRunningCount":1}
[debug] [2022-03-13T20:00:43.889Z] Accepted request GET /shopping-app-v10/us-central1/api --> us-central1-api
[debug] [2022-03-13T20:00:43.889Z] [worker-pool] submitWork(triggerId=us-central1-api) {"metadata":{"emulator":{"name":"functions"},"message":"[worker-pool] submitWork(triggerId=us-central1-api)"}}
[debug] [2022-03-13T20:00:43.890Z] [worker-us-central1-api-b5a71b52-ae3c-469c-93e8-ea07618fe597]: Assigning socketPath: /var/folders/3q/j7m9rplj35d8rkwj_jd_mxwc0000gn/T/fire_emu_9568.sock {"metadata":{"emulator":{"name":"functions"},"message":"[worker-us-central1-api-b5a71b52-ae3c-469c-93e8-ea07618fe597]: Assigning socketPath: /var/folders/3q/j7m9rplj35d8rkwj_jd_mxwc0000gn/T/fire_emu_9568.sock"}}
[debug] [2022-03-13T20:00:43.890Z] [worker-us-central1-api-b5a71b52-ae3c-469c-93e8-ea07618fe597]: BUSY {"metadata":{"emulator":{"name":"functions"},"message":"[worker-us-central1-api-b5a71b52-ae3c-469c-93e8-ea07618fe597]: BUSY"}}
[debug] [2022-03-13T20:00:43.892Z] [runtime-status] [9568] Trigger "us-central1-api" has been found, beginning invocation! {"metadata":{"emulator":{"name":"functions"},"function":{"name":"us-central1-api"},"message":"[runtime-status] [9568] Trigger \"us-central1-api\" has been found, beginning invocation!"}}
[info] i  functions: Beginning execution of "us-central1-api" {"metadata":{"emulator":{"name":"functions"},"function":{"name":"us-central1-api"},"message":"Beginning execution of \"us-central1-api\""}}
[debug] [2022-03-13T20:00:43.893Z] [runtime-status] [9568] triggerDefinition {"httpsTrigger":{},"name":"api","entryPoint":"api","regions":["us-central1"],"region":"us-central1","id":"us-central1-api"} {"metadata":{"emulator":{"name":"functions"},"function":{"name":"us-central1-api"},"message":"[runtime-status] [9568] triggerDefinition {\"httpsTrigger\":{},\"name\":\"api\",\"entryPoint\":\"api\",\"regions\":[\"us-central1\"],\"region\":\"us-central1\",\"id\":\"us-central1-api\"}"}}
[debug] [2022-03-13T20:00:43.893Z] [runtime-status] [9568] Running us-central1-api in mode HTTPS {"metadata":{"emulator":{"name":"functions"},"function":{"name":"us-central1-api"},"message":"[runtime-status] [9568] Running us-central1-api in mode HTTPS"}}
[debug] [2022-03-13T20:00:43.895Z] [runtime-status] [9568] Attempting to listen to socketPath: /var/folders/3q/j7m9rplj35d8rkwj_jd_mxwc0000gn/T/fire_emu_9568.sock {"metadata":{"emulator":{"name":"functions"},"function":{"name":"us-central1-api"},"message":"[runtime-status] [9568] Attempting to listen to socketPath: /var/folders/3q/j7m9rplj35d8rkwj_jd_mxwc0000gn/T/fire_emu_9568.sock"}}
[debug] [2022-03-13T20:00:43.898Z] [functions] Runtime ready! Sending request! {"metadata":{"emulator":{"name":"functions"},"message":"[functions] Runtime ready! Sending request!"}}
[debug] [2022-03-13T20:00:43.899Z] [functions] Got req.url=/shopping-app-v10/us-central1/api, mapping to path=/ {"metadata":{"emulator":{"name":"functions"},"message":"[functions] Got req.url=/shopping-app-v10/us-central1/api, mapping to path=/"}}
[debug] [2022-03-13T20:00:43.908Z] [runtime-status] [9568] Ephemeral server handling GET request {"metadata":{"emulator":{"name":"functions"},"function":{"name":"us-central1-api"},"message":"[runtime-status] [9568] Ephemeral server handling GET request"}}
[debug] [2022-03-13T20:00:43.914Z] [runtime-status] [9568] Ephemeral server survived. {"metadata":{"emulator":{"name":"functions"},"function":{"name":"us-central1-api"},"message":"[runtime-status] [9568] Ephemeral server survived."}}
[info] i  functions: Finished "us-central1-api" in ~1s {"metadata":{"emulator":{"name":"functions"},"function":{"name":"us-central1-api"},"message":"Finished \"us-central1-api\" in ~1s"}}
[debug] [2022-03-13T20:00:43.915Z] [worker-us-central1-api-b5a71b52-ae3c-469c-93e8-ea07618fe597]: IDLE {"metadata":{"emulator":{"name":"functions"},"message":"[worker-us-central1-api-b5a71b52-ae3c-469c-93e8-ea07618fe597]: IDLE"}}
[debug] [2022-03-13T20:00:43.915Z] [work-queue] {"queueLength":0,"workRunningCount":0}
[debug] [2022-03-13T20:01:31.435Z] File /Users/ozge/Desktop/e-commerce/functions/index.js changed, reloading triggers {"metadata":{"emulator":{"name":"functions"},"message":"File /Users/ozge/Desktop/e-commerce/functions/index.js changed, reloading triggers"}}
[debug] [2022-03-13T20:01:32.439Z] [worker-pool] Shutting down IDLE worker (~diagnostic~) {"metadata":{"emulator":{"name":"functions"},"message":"[worker-pool] Shutting down IDLE worker (~diagnostic~)"}}
[debug] [2022-03-13T20:01:32.439Z] [worker-~diagnostic~-4f93d0a6-14a9-4eab-8ba6-965902772afc]: FINISHING {"metadata":{"emulator":{"name":"functions"},"message":"[worker-~diagnostic~-4f93d0a6-14a9-4eab-8ba6-965902772afc]: FINISHING"}}
[debug] [2022-03-13T20:01:32.440Z] [worker-pool] Shutting down IDLE worker (us-central1-api) {"metadata":{"emulator":{"name":"functions"},"message":"[worker-pool] Shutting down IDLE worker (us-central1-api)"}}
[debug] [2022-03-13T20:01:32.440Z] [worker-us-central1-api-b5a71b52-ae3c-469c-93e8-ea07618fe597]: FINISHING {"metadata":{"emulator":{"name":"functions"},"message":"[worker-us-central1-api-b5a71b52-ae3c-469c-93e8-ea07618fe597]: FINISHING"}}
[debug] [2022-03-13T20:01:32.454Z] [worker-pool] addWorker(~diagnostic~) {"metadata":{"emulator":{"name":"functions"},"message":"[worker-pool] addWorker(~diagnostic~)"}}
[debug] [2022-03-13T20:01:32.455Z] [worker-pool] Adding worker with key ~diagnostic~, total=2 {"metadata":{"emulator":{"name":"functions"},"message":"[worker-pool] Adding worker with key ~diagnostic~, total=2"}}
[debug] [2022-03-13T20:01:32.455Z] [worker-pool] submitWork(triggerId=) {"metadata":{"emulator":{"name":"functions"},"message":"[worker-pool] submitWork(triggerId=)"}}
[debug] [2022-03-13T20:01:32.455Z] [worker-~diagnostic~-62139ce7-70b3-4f13-8b3f-24f48ce4b2f6]: Assigning socketPath: /var/folders/3q/j7m9rplj35d8rkwj_jd_mxwc0000gn/T/fire_emu_9605.sock {"metadata":{"emulator":{"name":"functions"},"message":"[worker-~diagnostic~-62139ce7-70b3-4f13-8b3f-24f48ce4b2f6]: Assigning socketPath: /var/folders/3q/j7m9rplj35d8rkwj_jd_mxwc0000gn/T/fire_emu_9605.sock"}}
[debug] [2022-03-13T20:01:32.455Z] [worker-~diagnostic~-62139ce7-70b3-4f13-8b3f-24f48ce4b2f6]: BUSY {"metadata":{"emulator":{"name":"functions"},"message":"[worker-~diagnostic~-62139ce7-70b3-4f13-8b3f-24f48ce4b2f6]: BUSY"}}
[debug] [2022-03-13T20:01:32.457Z] [worker-~diagnostic~-4f93d0a6-14a9-4eab-8ba6-965902772afc]: exited {"metadata":{"emulator":{"name":"functions"},"message":"[worker-~diagnostic~-4f93d0a6-14a9-4eab-8ba6-965902772afc]: exited"}}
[debug] [2022-03-13T20:01:32.457Z] [worker-~diagnostic~-4f93d0a6-14a9-4eab-8ba6-965902772afc]: FINISHED {"metadata":{"emulator":{"name":"functions"},"message":"[worker-~diagnostic~-4f93d0a6-14a9-4eab-8ba6-965902772afc]: FINISHED"}}
[debug] [2022-03-13T20:01:32.457Z] [worker-us-central1-api-b5a71b52-ae3c-469c-93e8-ea07618fe597]: exited {"metadata":{"emulator":{"name":"functions"},"message":"[worker-us-central1-api-b5a71b52-ae3c-469c-93e8-ea07618fe597]: exited"}}
[debug] [2022-03-13T20:01:32.457Z] [worker-us-central1-api-b5a71b52-ae3c-469c-93e8-ea07618fe597]: FINISHED {"metadata":{"emulator":{"name":"functions"},"message":"[worker-us-central1-api-b5a71b52-ae3c-469c-93e8-ea07618fe597]: FINISHED"}}
[debug] [2022-03-13T20:01:32.580Z] [runtime-status] [9605] Functions runtime initialized. {"cwd":"/Users/ozge/Desktop/e-commerce/functions","node_version":"14.17.5"} {"metadata":{"emulator":{"name":"functions"},"message":"[runtime-status] [9605] Functions runtime initialized. {\"cwd\":\"/Users/ozge/Desktop/e-commerce/functions\",\"node_version\":\"14.17.5\"}"}}
[debug] [2022-03-13T20:01:32.581Z] [runtime-status] [9605] Disabled runtime features: undefined {"metadata":{"emulator":{"name":"functions"},"message":"[runtime-status] [9605] Disabled runtime features: undefined"}}
[debug] [2022-03-13T20:01:32.582Z] [runtime-status] [9605] Resolved module firebase-admin {"declared":true,"installed":true,"version":"9.12.0","resolution":"/Users/ozge/Desktop/e-commerce/functions/node_modules/firebase-admin/lib/index.js"} {"metadata":{"emulator":{"name":"functions"},"message":"[runtime-status] [9605] Resolved module firebase-admin {\"declared\":true,\"installed\":true,\"version\":\"9.12.0\",\"resolution\":\"/Users/ozge/Desktop/e-commerce/functions/node_modules/firebase-admin/lib/index.js\"}"}}
[debug] [2022-03-13T20:01:32.584Z] [runtime-status] [9605] Resolved module firebase-functions {"declared":true,"installed":true,"version":"3.18.1","resolution":"/Users/ozge/Desktop/e-commerce/functions/node_modules/firebase-functions/lib/index.js"} {"metadata":{"emulator":{"name":"functions"},"message":"[runtime-status] [9605] Resolved module firebase-functions {\"declared\":true,\"installed\":true,\"version\":\"3.18.1\",\"resolution\":\"/Users/ozge/Desktop/e-commerce/functions/node_modules/firebase-functions/lib/index.js\"}"}}
[debug] [2022-03-13T20:01:32.587Z] [runtime-status] [9605] Resolved module firebase-functions {"declared":true,"installed":true,"version":"3.18.1","resolution":"/Users/ozge/Desktop/e-commerce/functions/node_modules/firebase-functions/lib/index.js"} {"metadata":{"emulator":{"name":"functions"},"message":"[runtime-status] [9605] Resolved module firebase-functions {\"declared\":true,\"installed\":true,\"version\":\"3.18.1\",\"resolution\":\"/Users/ozge/Desktop/e-commerce/functions/node_modules/firebase-functions/lib/index.js\"}"}}
[debug] [2022-03-13T20:01:32.588Z] [runtime-status] [9605] Outgoing network have been stubbed. [{"name":"http","status":"mocked"},{"name":"http","status":"mocked"},{"name":"https","status":"mocked"},{"name":"https","status":"mocked"},{"name":"net","status":"mocked"}] {"metadata":{"emulator":{"name":"functions"},"message":"[runtime-status] [9605] Outgoing network have been stubbed. [{\"name\":\"http\",\"status\":\"mocked\"},{\"name\":\"http\",\"status\":\"mocked\"},{\"name\":\"https\",\"status\":\"mocked\"},{\"name\":\"https\",\"status\":\"mocked\"},{\"name\":\"net\",\"status\":\"mocked\"}]"}}
[debug] [2022-03-13T20:01:32.589Z] [runtime-status] [9605] Resolved module firebase-functions {"declared":true,"installed":true,"version":"3.18.1","resolution":"/Users/ozge/Desktop/e-commerce/functions/node_modules/firebase-functions/lib/index.js"} {"metadata":{"emulator":{"name":"functions"},"message":"[runtime-status] [9605] Resolved module firebase-functions {\"declared\":true,\"installed\":true,\"version\":\"3.18.1\",\"resolution\":\"/Users/ozge/Desktop/e-commerce/functions/node_modules/firebase-functions/lib/index.js\"}"}}
[debug] [2022-03-13T20:01:32.617Z] [runtime-status] [9605] Checked functions.config() {"config":{}} {"metadata":{"emulator":{"name":"functions"},"message":"[runtime-status] [9605] Checked functions.config() {\"config\":{}}"}}
[debug] [2022-03-13T20:01:32.617Z] [runtime-status] [9605] firebase-functions has been stubbed. {"functionsResolution":{"declared":true,"installed":true,"version":"3.18.1","resolution":"/Users/ozge/Desktop/e-commerce/functions/node_modules/firebase-functions/lib/index.js"}} {"metadata":{"emulator":{"name":"functions"},"message":"[runtime-status] [9605] firebase-functions has been stubbed. {\"functionsResolution\":{\"declared\":true,\"installed\":true,\"version\":\"3.18.1\",\"resolution\":\"/Users/ozge/Desktop/e-commerce/functions/node_modules/firebase-functions/lib/index.js\"}}"}}
[debug] [2022-03-13T20:01:32.617Z] [runtime-status] [9605] Resolved module firebase-functions {"declared":true,"installed":true,"version":"3.18.1","resolution":"/Users/ozge/Desktop/e-commerce/functions/node_modules/firebase-functions/lib/index.js"} {"metadata":{"emulator":{"name":"functions"},"message":"[runtime-status] [9605] Resolved module firebase-functions {\"declared\":true,\"installed\":true,\"version\":\"3.18.1\",\"resolution\":\"/Users/ozge/Desktop/e-commerce/functions/node_modules/firebase-functions/lib/index.js\"}"}}
[debug] [2022-03-13T20:01:32.618Z] [runtime-status] [9605] Resolved module firebase-admin {"declared":true,"installed":true,"version":"9.12.0","resolution":"/Users/ozge/Desktop/e-commerce/functions/node_modules/firebase-admin/lib/index.js"} {"metadata":{"emulator":{"name":"functions"},"message":"[runtime-status] [9605] Resolved module firebase-admin {\"declared\":true,\"installed\":true,\"version\":\"9.12.0\",\"resolution\":\"/Users/ozge/Desktop/e-commerce/functions/node_modules/firebase-admin/lib/index.js\"}"}}
[debug] [2022-03-13T20:01:32.618Z] [runtime-status] [9605] Resolved module firebase-functions {"declared":true,"installed":true,"version":"3.18.1","resolution":"/Users/ozge/Desktop/e-commerce/functions/node_modules/firebase-functions/lib/index.js"} {"metadata":{"emulator":{"name":"functions"},"message":"[runtime-status] [9605] Resolved module firebase-functions {\"declared\":true,\"installed\":true,\"version\":\"3.18.1\",\"resolution\":\"/Users/ozge/Desktop/e-commerce/functions/node_modules/firebase-functions/lib/index.js\"}"}}
[debug] [2022-03-13T20:01:32.618Z] [runtime-status] [9605] firebase-admin has been stubbed. {"adminResolution":{"declared":true,"installed":true,"version":"9.12.0","resolution":"/Users/ozge/Desktop/e-commerce/functions/node_modules/firebase-admin/lib/index.js"}} {"metadata":{"emulator":{"name":"functions"},"message":"[runtime-status] [9605] firebase-admin has been stubbed. {\"adminResolution\":{\"declared\":true,\"installed\":true,\"version\":\"9.12.0\",\"resolution\":\"/Users/ozge/Desktop/e-commerce/functions/node_modules/firebase-admin/lib/index.js\"}}"}}
[debug] [2022-03-13T20:01:32.691Z] [worker-~diagnostic~-62139ce7-70b3-4f13-8b3f-24f48ce4b2f6]: IDLE {"metadata":{"emulator":{"name":"functions"},"message":"[worker-~diagnostic~-62139ce7-70b3-4f13-8b3f-24f48ce4b2f6]: IDLE"}}
[debug] [2022-03-13T20:08:01.620Z] [work-queue] {"queueLength":1,"workRunningCount":0}
[debug] [2022-03-13T20:08:01.623Z] [work-queue] {"queueLength":0,"workRunningCount":1}
[debug] [2022-03-13T20:08:01.623Z] Accepted request POST /shopping-app-v10/us-central1/api/payments/create?total=1099 --> us-central1-api
[debug] [2022-03-13T20:08:01.624Z] [worker-pool] Cleaned up workers for ~diagnostic~: 2 --> 1 {"metadata":{"emulator":{"name":"functions"},"message":"[worker-pool] Cleaned up workers for ~diagnostic~: 2 --> 1"}}
[debug] [2022-03-13T20:08:01.624Z] [worker-pool] Cleaned up workers for us-central1-api: 1 --> 0 {"metadata":{"emulator":{"name":"functions"},"message":"[worker-pool] Cleaned up workers for us-central1-api: 1 --> 0"}}
[debug] [2022-03-13T20:08:01.651Z] [worker-pool] addWorker(us-central1-api) {"metadata":{"emulator":{"name":"functions"},"message":"[worker-pool] addWorker(us-central1-api)"}}
[debug] [2022-03-13T20:08:01.652Z] [worker-pool] Adding worker with key us-central1-api, total=1 {"metadata":{"emulator":{"name":"functions"},"message":"[worker-pool] Adding worker with key us-central1-api, total=1"}}
[debug] [2022-03-13T20:08:01.652Z] [worker-pool] submitWork(triggerId=us-central1-api) {"metadata":{"emulator":{"name":"functions"},"message":"[worker-pool] submitWork(triggerId=us-central1-api)"}}
[debug] [2022-03-13T20:08:01.652Z] [worker-us-central1-api-6fe72c5e-6764-4a86-b3f6-f326c36cbae7]: Assigning socketPath: /var/folders/3q/j7m9rplj35d8rkwj_jd_mxwc0000gn/T/fire_emu_9764.sock {"metadata":{"emulator":{"name":"functions"},"message":"[worker-us-central1-api-6fe72c5e-6764-4a86-b3f6-f326c36cbae7]: Assigning socketPath: /var/folders/3q/j7m9rplj35d8rkwj_jd_mxwc0000gn/T/fire_emu_9764.sock"}}
[debug] [2022-03-13T20:08:01.652Z] [worker-us-central1-api-6fe72c5e-6764-4a86-b3f6-f326c36cbae7]: BUSY {"metadata":{"emulator":{"name":"functions"},"message":"[worker-us-central1-api-6fe72c5e-6764-4a86-b3f6-f326c36cbae7]: BUSY"}}
[debug] [2022-03-13T20:08:01.820Z] [runtime-status] [9764] Functions runtime initialized. {"cwd":"/Users/ozge/Desktop/e-commerce/functions","node_version":"14.17.5"} {"metadata":{"emulator":{"name":"functions"},"function":{"name":"us-central1-api"},"message":"[runtime-status] [9764] Functions runtime initialized. {\"cwd\":\"/Users/ozge/Desktop/e-commerce/functions\",\"node_version\":\"14.17.5\"}"}}
[debug] [2022-03-13T20:08:01.821Z] [runtime-status] [9764] Disabled runtime features: undefined {"metadata":{"emulator":{"name":"functions"},"function":{"name":"us-central1-api"},"message":"[runtime-status] [9764] Disabled runtime features: undefined"}}
[debug] [2022-03-13T20:08:01.823Z] [runtime-status] [9764] Resolved module firebase-admin {"declared":true,"installed":true,"version":"9.12.0","resolution":"/Users/ozge/Desktop/e-commerce/functions/node_modules/firebase-admin/lib/index.js"} {"metadata":{"emulator":{"name":"functions"},"function":{"name":"us-central1-api"},"message":"[runtime-status] [9764] Resolved module firebase-admin {\"declared\":true,\"installed\":true,\"version\":\"9.12.0\",\"resolution\":\"/Users/ozge/Desktop/e-commerce/functions/node_modules/firebase-admin/lib/index.js\"}"}}
[debug] [2022-03-13T20:08:01.826Z] [runtime-status] [9764] Resolved module firebase-functions {"declared":true,"installed":true,"version":"3.18.1","resolution":"/Users/ozge/Desktop/e-commerce/functions/node_modules/firebase-functions/lib/index.js"} {"metadata":{"emulator":{"name":"functions"},"function":{"name":"us-central1-api"},"message":"[runtime-status] [9764] Resolved module firebase-functions {\"declared\":true,\"installed\":true,\"version\":\"3.18.1\",\"resolution\":\"/Users/ozge/Desktop/e-commerce/functions/node_modules/firebase-functions/lib/index.js\"}"}}
[debug] [2022-03-13T20:08:01.829Z] [runtime-status] [9764] Resolved module firebase-functions {"declared":true,"installed":true,"version":"3.18.1","resolution":"/Users/ozge/Desktop/e-commerce/functions/node_modules/firebase-functions/lib/index.js"} {"metadata":{"emulator":{"name":"functions"},"function":{"name":"us-central1-api"},"message":"[runtime-status] [9764] Resolved module firebase-functions {\"declared\":true,\"installed\":true,\"version\":\"3.18.1\",\"resolution\":\"/Users/ozge/Desktop/e-commerce/functions/node_modules/firebase-functions/lib/index.js\"}"}}
[debug] [2022-03-13T20:08:01.831Z] [runtime-status] [9764] Outgoing network have been stubbed. [{"name":"http","status":"mocked"},{"name":"http","status":"mocked"},{"name":"https","status":"mocked"},{"name":"https","status":"mocked"},{"name":"net","status":"mocked"}] {"metadata":{"emulator":{"name":"functions"},"function":{"name":"us-central1-api"},"message":"[runtime-status] [9764] Outgoing network have been stubbed. [{\"name\":\"http\",\"status\":\"mocked\"},{\"name\":\"http\",\"status\":\"mocked\"},{\"name\":\"https\",\"status\":\"mocked\"},{\"name\":\"https\",\"status\":\"mocked\"},{\"name\":\"net\",\"status\":\"mocked\"}]"}}
[debug] [2022-03-13T20:08:01.831Z] [runtime-status] [9764] Resolved module firebase-functions {"declared":true,"installed":true,"version":"3.18.1","resolution":"/Users/ozge/Desktop/e-commerce/functions/node_modules/firebase-functions/lib/index.js"} {"metadata":{"emulator":{"name":"functions"},"function":{"name":"us-central1-api"},"message":"[runtime-status] [9764] Resolved module firebase-functions {\"declared\":true,\"installed\":true,\"version\":\"3.18.1\",\"resolution\":\"/Users/ozge/Desktop/e-commerce/functions/node_modules/firebase-functions/lib/index.js\"}"}}
[debug] [2022-03-13T20:08:01.865Z] [runtime-status] [9764] Checked functions.config() {"config":{}} {"metadata":{"emulator":{"name":"functions"},"function":{"name":"us-central1-api"},"message":"[runtime-status] [9764] Checked functions.config() {\"config\":{}}"}}
[debug] [2022-03-13T20:08:01.865Z] [runtime-status] [9764] firebase-functions has been stubbed. {"functionsResolution":{"declared":true,"installed":true,"version":"3.18.1","resolution":"/Users/ozge/Desktop/e-commerce/functions/node_modules/firebase-functions/lib/index.js"}} {"metadata":{"emulator":{"name":"functions"},"function":{"name":"us-central1-api"},"message":"[runtime-status] [9764] firebase-functions has been stubbed. {\"functionsResolution\":{\"declared\":true,\"installed\":true,\"version\":\"3.18.1\",\"resolution\":\"/Users/ozge/Desktop/e-commerce/functions/node_modules/firebase-functions/lib/index.js\"}}"}}
[debug] [2022-03-13T20:08:01.883Z] [runtime-status] [9764] Resolved module firebase-functions {"declared":true,"installed":true,"version":"3.18.1","resolution":"/Users/ozge/Desktop/e-commerce/functions/node_modules/firebase-functions/lib/index.js"} {"metadata":{"emulator":{"name":"functions"},"function":{"name":"us-central1-api"},"message":"[runtime-status] [9764] Resolved module firebase-functions {\"declared\":true,\"installed\":true,\"version\":\"3.18.1\",\"resolution\":\"/Users/ozge/Desktop/e-commerce/functions/node_modules/firebase-functions/lib/index.js\"}"}}
[debug] [2022-03-13T20:08:01.883Z] [runtime-status] [9764] Resolved module firebase-admin {"declared":true,"installed":true,"version":"9.12.0","resolution":"/Users/ozge/Desktop/e-commerce/functions/node_modules/firebase-admin/lib/index.js"} {"metadata":{"emulator":{"name":"functions"},"function":{"name":"us-central1-api"},"message":"[runtime-status] [9764] Resolved module firebase-admin {\"declared\":true,\"installed\":true,\"version\":\"9.12.0\",\"resolution\":\"/Users/ozge/Desktop/e-commerce/functions/node_modules/firebase-admin/lib/index.js\"}"}}
[debug] [2022-03-13T20:08:01.884Z] [runtime-status] [9764] Resolved module firebase-functions {"declared":true,"installed":true,"version":"3.18.1","resolution":"/Users/ozge/Desktop/e-commerce/functions/node_modules/firebase-functions/lib/index.js"} {"metadata":{"emulator":{"name":"functions"},"function":{"name":"us-central1-api"},"message":"[runtime-status] [9764] Resolved module firebase-functions {\"declared\":true,\"installed\":true,\"version\":\"3.18.1\",\"resolution\":\"/Users/ozge/Desktop/e-commerce/functions/node_modules/firebase-functions/lib/index.js\"}"}}
[debug] [2022-03-13T20:08:01.884Z] [runtime-status] [9764] firebase-admin has been stubbed. {"adminResolution":{"declared":true,"installed":true,"version":"9.12.0","resolution":"/Users/ozge/Desktop/e-commerce/functions/node_modules/firebase-admin/lib/index.js"}} {"metadata":{"emulator":{"name":"functions"},"function":{"name":"us-central1-api"},"message":"[runtime-status] [9764] firebase-admin has been stubbed. {\"adminResolution\":{\"declared\":true,\"installed\":true,\"version\":\"9.12.0\",\"resolution\":\"/Users/ozge/Desktop/e-commerce/functions/node_modules/firebase-admin/lib/index.js\"}}"}}
[debug] [2022-03-13T20:08:01.969Z] [runtime-status] [9764] Trigger "us-central1-api" has been found, beginning invocation! {"metadata":{"emulator":{"name":"functions"},"function":{"name":"us-central1-api"},"message":"[runtime-status] [9764] Trigger \"us-central1-api\" has been found, beginning invocation!"}}
[info] i  functions: Beginning execution of "us-central1-api" {"metadata":{"emulator":{"name":"functions"},"function":{"name":"us-central1-api"},"message":"Beginning execution of \"us-central1-api\""}}
[debug] [2022-03-13T20:08:01.970Z] [runtime-status] [9764] triggerDefinition {"httpsTrigger":{},"name":"api","entryPoint":"api","regions":["us-central1"],"region":"us-central1","id":"us-central1-api"} {"metadata":{"emulator":{"name":"functions"},"function":{"name":"us-central1-api"},"message":"[runtime-status] [9764] triggerDefinition {\"httpsTrigger\":{},\"name\":\"api\",\"entryPoint\":\"api\",\"regions\":[\"us-central1\"],\"region\":\"us-central1\",\"id\":\"us-central1-api\"}"}}
[debug] [2022-03-13T20:08:01.970Z] [runtime-status] [9764] Running us-central1-api in mode HTTPS {"metadata":{"emulator":{"name":"functions"},"function":{"name":"us-central1-api"},"message":"[runtime-status] [9764] Running us-central1-api in mode HTTPS"}}
[debug] [2022-03-13T20:08:01.974Z] [runtime-status] [9764] Attempting to listen to socketPath: /var/folders/3q/j7m9rplj35d8rkwj_jd_mxwc0000gn/T/fire_emu_9764.sock {"metadata":{"emulator":{"name":"functions"},"function":{"name":"us-central1-api"},"message":"[runtime-status] [9764] Attempting to listen to socketPath: /var/folders/3q/j7m9rplj35d8rkwj_jd_mxwc0000gn/T/fire_emu_9764.sock"}}
[debug] [2022-03-13T20:08:01.977Z] [functions] Runtime ready! Sending request! {"metadata":{"emulator":{"name":"functions"},"message":"[functions] Runtime ready! Sending request!"}}
[debug] [2022-03-13T20:08:01.980Z] [functions] Got req.url=/shopping-app-v10/us-central1/api/payments/create?total=1099, mapping to path=/payments/create?total=1099 {"metadata":{"emulator":{"name":"functions"},"message":"[functions] Got req.url=/shopping-app-v10/us-central1/api/payments/create?total=1099, mapping to path=/payments/create?total=1099"}}
[debug] [2022-03-13T20:08:01.988Z] [runtime-status] [9764] Ephemeral server handling POST request {"metadata":{"emulator":{"name":"functions"},"function":{"name":"us-central1-api"},"message":"[runtime-status] [9764] Ephemeral server handling POST request"}}
[info] >  Payment Request Recieved BOOM!!! for this amount >>>  1099 {"user":"Payment Request Recieved BOOM!!! for this amount >>>  1099","metadata":{"emulator":{"name":"functions"},"function":{"name":"us-central1-api"},"message":"\u001b[90m> \u001b[39m Payment Request Recieved BOOM!!! for this amount >>>  1099"}}
[debug] [2022-03-13T20:08:02.002Z] [runtime-status] [9764] Ephemeral server survived. {"metadata":{"emulator":{"name":"functions"},"function":{"name":"us-central1-api"},"message":"[runtime-status] [9764] Ephemeral server survived."}}
[info] i  functions: Finished "us-central1-api" in ~1s {"metadata":{"emulator":{"name":"functions"},"function":{"name":"us-central1-api"},"message":"Finished \"us-central1-api\" in ~1s"}}
[debug] [2022-03-13T20:08:02.725Z] [worker-us-central1-api-6fe72c5e-6764-4a86-b3f6-f326c36cbae7]: IDLE {"metadata":{"emulator":{"name":"functions"},"message":"[worker-us-central1-api-6fe72c5e-6764-4a86-b3f6-f326c36cbae7]: IDLE"}}
[debug] [2022-03-13T20:08:02.725Z] [work-queue] {"queueLength":0,"workRunningCount":0}
[debug] [2022-03-13T20:15:14.189Z] [work-queue] {"queueLength":1,"workRunningCount":0}
[debug] [2022-03-13T20:15:14.191Z] [work-queue] {"queueLength":0,"workRunningCount":1}
[debug] [2022-03-13T20:15:14.192Z] Accepted request POST /shopping-app-v10/us-central1/api/payments/create?total=1099 --> us-central1-api
[debug] [2022-03-13T20:15:14.192Z] [worker-pool] submitWork(triggerId=us-central1-api) {"metadata":{"emulator":{"name":"functions"},"message":"[worker-pool] submitWork(triggerId=us-central1-api)"}}
[debug] [2022-03-13T20:15:14.193Z] [worker-us-central1-api-6fe72c5e-6764-4a86-b3f6-f326c36cbae7]: Assigning socketPath: /var/folders/3q/j7m9rplj35d8rkwj_jd_mxwc0000gn/T/fire_emu_9764.sock {"metadata":{"emulator":{"name":"functions"},"message":"[worker-us-central1-api-6fe72c5e-6764-4a86-b3f6-f326c36cbae7]: Assigning socketPath: /var/folders/3q/j7m9rplj35d8rkwj_jd_mxwc0000gn/T/fire_emu_9764.sock"}}
[debug] [2022-03-13T20:15:14.194Z] [worker-us-central1-api-6fe72c5e-6764-4a86-b3f6-f326c36cbae7]: BUSY {"metadata":{"emulator":{"name":"functions"},"message":"[worker-us-central1-api-6fe72c5e-6764-4a86-b3f6-f326c36cbae7]: BUSY"}}
[debug] [2022-03-13T20:15:14.199Z] [runtime-status] [9764] Trigger "us-central1-api" has been found, beginning invocation! {"metadata":{"emulator":{"name":"functions"},"function":{"name":"us-central1-api"},"message":"[runtime-status] [9764] Trigger \"us-central1-api\" has been found, beginning invocation!"}}
[info] i  functions: Beginning execution of "us-central1-api" {"metadata":{"emulator":{"name":"functions"},"function":{"name":"us-central1-api"},"message":"Beginning execution of \"us-central1-api\""}}
[debug] [2022-03-13T20:15:14.202Z] [runtime-status] [9764] triggerDefinition {"httpsTrigger":{},"name":"api","entryPoint":"api","regions":["us-central1"],"region":"us-central1","id":"us-central1-api"} {"metadata":{"emulator":{"name":"functions"},"function":{"name":"us-central1-api"},"message":"[runtime-status] [9764] triggerDefinition {\"httpsTrigger\":{},\"name\":\"api\",\"entryPoint\":\"api\",\"regions\":[\"us-central1\"],\"region\":\"us-central1\",\"id\":\"us-central1-api\"}"}}
[debug] [2022-03-13T20:15:14.202Z] [runtime-status] [9764] Running us-central1-api in mode HTTPS {"metadata":{"emulator":{"name":"functions"},"function":{"name":"us-central1-api"},"message":"[runtime-status] [9764] Running us-central1-api in mode HTTPS"}}
[debug] [2022-03-13T20:15:14.204Z] [runtime-status] [9764] Attempting to listen to socketPath: /var/folders/3q/j7m9rplj35d8rkwj_jd_mxwc0000gn/T/fire_emu_9764.sock {"metadata":{"emulator":{"name":"functions"},"function":{"name":"us-central1-api"},"message":"[runtime-status] [9764] Attempting to listen to socketPath: /var/folders/3q/j7m9rplj35d8rkwj_jd_mxwc0000gn/T/fire_emu_9764.sock"}}
[debug] [2022-03-13T20:15:14.214Z] [functions] Runtime ready! Sending request! {"metadata":{"emulator":{"name":"functions"},"message":"[functions] Runtime ready! Sending request!"}}
[debug] [2022-03-13T20:15:14.215Z] [functions] Got req.url=/shopping-app-v10/us-central1/api/payments/create?total=1099, mapping to path=/payments/create?total=1099 {"metadata":{"emulator":{"name":"functions"},"message":"[functions] Got req.url=/shopping-app-v10/us-central1/api/payments/create?total=1099, mapping to path=/payments/create?total=1099"}}
[debug] [2022-03-13T20:15:14.248Z] [runtime-status] [9764] Ephemeral server handling POST request {"metadata":{"emulator":{"name":"functions"},"function":{"name":"us-central1-api"},"message":"[runtime-status] [9764] Ephemeral server handling POST request"}}
[info] >  Payment Request Recieved BOOM!!! for this amount >>>  1099 {"user":"Payment Request Recieved BOOM!!! for this amount >>>  1099","metadata":{"emulator":{"name":"functions"},"function":{"name":"us-central1-api"},"message":"\u001b[90m> \u001b[39m Payment Request Recieved BOOM!!! for this amount >>>  1099"}}
[debug] [2022-03-13T20:15:14.261Z] [runtime-status] [9764] Ephemeral server survived. {"metadata":{"emulator":{"name":"functions"},"function":{"name":"us-central1-api"},"message":"[runtime-status] [9764] Ephemeral server survived."}}
[info] i  functions: Finished "us-central1-api" in ~1s {"metadata":{"emulator":{"name":"functions"},"function":{"name":"us-central1-api"},"message":"Finished \"us-central1-api\" in ~1s"}}
[debug] [2022-03-13T20:15:14.890Z] [worker-us-central1-api-6fe72c5e-6764-4a86-b3f6-f326c36cbae7]: IDLE {"metadata":{"emulator":{"name":"functions"},"message":"[worker-us-central1-api-6fe72c5e-6764-4a86-b3f6-f326c36cbae7]: IDLE"}}
[debug] [2022-03-13T20:15:14.891Z] [work-queue] {"queueLength":0,"workRunningCount":0}
[debug] [2022-03-13T20:18:21.259Z] [work-queue] {"queueLength":1,"workRunningCount":0}
[debug] [2022-03-13T20:18:21.260Z] [work-queue] {"queueLength":0,"workRunningCount":1}
[debug] [2022-03-13T20:18:21.260Z] Accepted request POST /shopping-app-v10/us-central1/api/payments/create?total=104093 --> us-central1-api
[debug] [2022-03-13T20:18:21.261Z] [worker-pool] submitWork(triggerId=us-central1-api) {"metadata":{"emulator":{"name":"functions"},"message":"[worker-pool] submitWork(triggerId=us-central1-api)"}}
[debug] [2022-03-13T20:18:21.262Z] [worker-us-central1-api-6fe72c5e-6764-4a86-b3f6-f326c36cbae7]: Assigning socketPath: /var/folders/3q/j7m9rplj35d8rkwj_jd_mxwc0000gn/T/fire_emu_9764.sock {"metadata":{"emulator":{"name":"functions"},"message":"[worker-us-central1-api-6fe72c5e-6764-4a86-b3f6-f326c36cbae7]: Assigning socketPath: /var/folders/3q/j7m9rplj35d8rkwj_jd_mxwc0000gn/T/fire_emu_9764.sock"}}
[debug] [2022-03-13T20:18:21.262Z] [worker-us-central1-api-6fe72c5e-6764-4a86-b3f6-f326c36cbae7]: BUSY {"metadata":{"emulator":{"name":"functions"},"message":"[worker-us-central1-api-6fe72c5e-6764-4a86-b3f6-f326c36cbae7]: BUSY"}}
[debug] [2022-03-13T20:18:21.266Z] [runtime-status] [9764] Trigger "us-central1-api" has been found, beginning invocation! {"metadata":{"emulator":{"name":"functions"},"function":{"name":"us-central1-api"},"message":"[runtime-status] [9764] Trigger \"us-central1-api\" has been found, beginning invocation!"}}
[info] i  functions: Beginning execution of "us-central1-api" {"metadata":{"emulator":{"name":"functions"},"function":{"name":"us-central1-api"},"message":"Beginning execution of \"us-central1-api\""}}
[debug] [2022-03-13T20:18:21.273Z] [runtime-status] [9764] triggerDefinition {"httpsTrigger":{},"name":"api","entryPoint":"api","regions":["us-central1"],"region":"us-central1","id":"us-central1-api"} {"metadata":{"emulator":{"name":"functions"},"function":{"name":"us-central1-api"},"message":"[runtime-status] [9764] triggerDefinition {\"httpsTrigger\":{},\"name\":\"api\",\"entryPoint\":\"api\",\"regions\":[\"us-central1\"],\"region\":\"us-central1\",\"id\":\"us-central1-api\"}"}}
[debug] [2022-03-13T20:18:21.273Z] [runtime-status] [9764] Running us-central1-api in mode HTTPS {"metadata":{"emulator":{"name":"functions"},"function":{"name":"us-central1-api"},"message":"[runtime-status] [9764] Running us-central1-api in mode HTTPS"}}
[debug] [2022-03-13T20:18:21.275Z] [runtime-status] [9764] Attempting to listen to socketPath: /var/folders/3q/j7m9rplj35d8rkwj_jd_mxwc0000gn/T/fire_emu_9764.sock {"metadata":{"emulator":{"name":"functions"},"function":{"name":"us-central1-api"},"message":"[runtime-status] [9764] Attempting to listen to socketPath: /var/folders/3q/j7m9rplj35d8rkwj_jd_mxwc0000gn/T/fire_emu_9764.sock"}}
[debug] [2022-03-13T20:18:21.284Z] [functions] Runtime ready! Sending request! {"metadata":{"emulator":{"name":"functions"},"message":"[functions] Runtime ready! Sending request!"}}
[debug] [2022-03-13T20:18:21.284Z] [functions] Got req.url=/shopping-app-v10/us-central1/api/payments/create?total=104093, mapping to path=/payments/create?total=104093 {"metadata":{"emulator":{"name":"functions"},"message":"[functions] Got req.url=/shopping-app-v10/us-central1/api/payments/create?total=104093, mapping to path=/payments/create?total=104093"}}
[debug] [2022-03-13T20:18:21.298Z] [runtime-status] [9764] Ephemeral server handling POST request {"metadata":{"emulator":{"name":"functions"},"function":{"name":"us-central1-api"},"message":"[runtime-status] [9764] Ephemeral server handling POST request"}}
[info] >  Payment Request Recieved BOOM!!! for this amount >>>  104093 {"user":"Payment Request Recieved BOOM!!! for this amount >>>  104093","metadata":{"emulator":{"name":"functions"},"function":{"name":"us-central1-api"},"message":"\u001b[90m> \u001b[39m Payment Request Recieved BOOM!!! for this amount >>>  104093"}}
[debug] [2022-03-13T20:18:21.310Z] [runtime-status] [9764] Ephemeral server survived. {"metadata":{"emulator":{"name":"functions"},"function":{"name":"us-central1-api"},"message":"[runtime-status] [9764] Ephemeral server survived."}}
[info] i  functions: Finished "us-central1-api" in ~1s {"metadata":{"emulator":{"name":"functions"},"function":{"name":"us-central1-api"},"message":"Finished \"us-central1-api\" in ~1s"}}
[debug] [2022-03-13T20:18:21.864Z] [worker-us-central1-api-6fe72c5e-6764-4a86-b3f6-f326c36cbae7]: IDLE {"metadata":{"emulator":{"name":"functions"},"message":"[worker-us-central1-api-6fe72c5e-6764-4a86-b3f6-f326c36cbae7]: IDLE"}}
[debug] [2022-03-13T20:18:21.864Z] [work-queue] {"queueLength":0,"workRunningCount":0}
[debug] [2022-03-13T20:19:30.737Z] [work-queue] {"queueLength":1,"workRunningCount":0}
[debug] [2022-03-13T20:19:30.738Z] [work-queue] {"queueLength":0,"workRunningCount":1}
[debug] [2022-03-13T20:19:30.738Z] Accepted request POST /shopping-app-v10/us-central1/api/payments/create?total=5393 --> us-central1-api
[debug] [2022-03-13T20:19:30.738Z] [worker-pool] submitWork(triggerId=us-central1-api) {"metadata":{"emulator":{"name":"functions"},"message":"[worker-pool] submitWork(triggerId=us-central1-api)"}}
[debug] [2022-03-13T20:19:30.739Z] [worker-us-central1-api-6fe72c5e-6764-4a86-b3f6-f326c36cbae7]: Assigning socketPath: /var/folders/3q/j7m9rplj35d8rkwj_jd_mxwc0000gn/T/fire_emu_9764.sock {"metadata":{"emulator":{"name":"functions"},"message":"[worker-us-central1-api-6fe72c5e-6764-4a86-b3f6-f326c36cbae7]: Assigning socketPath: /var/folders/3q/j7m9rplj35d8rkwj_jd_mxwc0000gn/T/fire_emu_9764.sock"}}
[debug] [2022-03-13T20:19:30.739Z] [worker-us-central1-api-6fe72c5e-6764-4a86-b3f6-f326c36cbae7]: BUSY {"metadata":{"emulator":{"name":"functions"},"message":"[worker-us-central1-api-6fe72c5e-6764-4a86-b3f6-f326c36cbae7]: BUSY"}}
[debug] [2022-03-13T20:19:30.741Z] [runtime-status] [9764] Trigger "us-central1-api" has been found, beginning invocation! {"metadata":{"emulator":{"name":"functions"},"function":{"name":"us-central1-api"},"message":"[runtime-status] [9764] Trigger \"us-central1-api\" has been found, beginning invocation!"}}
[info] i  functions: Beginning execution of "us-central1-api" {"metadata":{"emulator":{"name":"functions"},"function":{"name":"us-central1-api"},"message":"Beginning execution of \"us-central1-api\""}}
[debug] [2022-03-13T20:19:30.742Z] [runtime-status] [9764] triggerDefinition {"httpsTrigger":{},"name":"api","entryPoint":"api","regions":["us-central1"],"region":"us-central1","id":"us-central1-api"} {"metadata":{"emulator":{"name":"functions"},"function":{"name":"us-central1-api"},"message":"[runtime-status] [9764] triggerDefinition {\"httpsTrigger\":{},\"name\":\"api\",\"entryPoint\":\"api\",\"regions\":[\"us-central1\"],\"region\":\"us-central1\",\"id\":\"us-central1-api\"}"}}
[debug] [2022-03-13T20:19:30.743Z] [runtime-status] [9764] Running us-central1-api in mode HTTPS {"metadata":{"emulator":{"name":"functions"},"function":{"name":"us-central1-api"},"message":"[runtime-status] [9764] Running us-central1-api in mode HTTPS"}}
[debug] [2022-03-13T20:19:30.743Z] [runtime-status] [9764] Attempting to listen to socketPath: /var/folders/3q/j7m9rplj35d8rkwj_jd_mxwc0000gn/T/fire_emu_9764.sock {"metadata":{"emulator":{"name":"functions"},"function":{"name":"us-central1-api"},"message":"[runtime-status] [9764] Attempting to listen to socketPath: /var/folders/3q/j7m9rplj35d8rkwj_jd_mxwc0000gn/T/fire_emu_9764.sock"}}
[debug] [2022-03-13T20:19:30.746Z] [functions] Runtime ready! Sending request! {"metadata":{"emulator":{"name":"functions"},"message":"[functions] Runtime ready! Sending request!"}}
[debug] [2022-03-13T20:19:30.746Z] [functions] Got req.url=/shopping-app-v10/us-central1/api/payments/create?total=5393, mapping to path=/payments/create?total=5393 {"metadata":{"emulator":{"name":"functions"},"message":"[functions] Got req.url=/shopping-app-v10/us-central1/api/payments/create?total=5393, mapping to path=/payments/create?total=5393"}}
[debug] [2022-03-13T20:19:30.752Z] [runtime-status] [9764] Ephemeral server handling POST request {"metadata":{"emulator":{"name":"functions"},"function":{"name":"us-central1-api"},"message":"[runtime-status] [9764] Ephemeral server handling POST request"}}
[info] >  Payment Request Recieved BOOM!!! for this amount >>>  5393 {"user":"Payment Request Recieved BOOM!!! for this amount >>>  5393","metadata":{"emulator":{"name":"functions"},"function":{"name":"us-central1-api"},"message":"\u001b[90m> \u001b[39m Payment Request Recieved BOOM!!! for this amount >>>  5393"}}
[debug] [2022-03-13T20:19:30.760Z] [runtime-status] [9764] Ephemeral server survived. {"metadata":{"emulator":{"name":"functions"},"function":{"name":"us-central1-api"},"message":"[runtime-status] [9764] Ephemeral server survived."}}
[info] i  functions: Finished "us-central1-api" in ~1s {"metadata":{"emulator":{"name":"functions"},"function":{"name":"us-central1-api"},"message":"Finished \"us-central1-api\" in ~1s"}}
[debug] [2022-03-13T20:19:31.102Z] [worker-us-central1-api-6fe72c5e-6764-4a86-b3f6-f326c36cbae7]: IDLE {"metadata":{"emulator":{"name":"functions"},"message":"[worker-us-central1-api-6fe72c5e-6764-4a86-b3f6-f326c36cbae7]: IDLE"}}
[debug] [2022-03-13T20:19:31.102Z] [work-queue] {"queueLength":0,"workRunningCount":0}
[debug] [2022-03-13T20:58:22.153Z] [work-queue] {"queueLength":1,"workRunningCount":0}
[debug] [2022-03-13T20:58:22.154Z] [work-queue] {"queueLength":0,"workRunningCount":1}
[debug] [2022-03-13T20:58:22.155Z] Accepted request POST /shopping-app-v10/us-central1/api/payments/create?total=2230 --> us-central1-api
[debug] [2022-03-13T20:58:22.155Z] [worker-pool] submitWork(triggerId=us-central1-api) {"metadata":{"emulator":{"name":"functions"},"message":"[worker-pool] submitWork(triggerId=us-central1-api)"}}
[debug] [2022-03-13T20:58:22.156Z] [worker-us-central1-api-6fe72c5e-6764-4a86-b3f6-f326c36cbae7]: Assigning socketPath: /var/folders/3q/j7m9rplj35d8rkwj_jd_mxwc0000gn/T/fire_emu_9764.sock {"metadata":{"emulator":{"name":"functions"},"message":"[worker-us-central1-api-6fe72c5e-6764-4a86-b3f6-f326c36cbae7]: Assigning socketPath: /var/folders/3q/j7m9rplj35d8rkwj_jd_mxwc0000gn/T/fire_emu_9764.sock"}}
[debug] [2022-03-13T20:58:22.157Z] [worker-us-central1-api-6fe72c5e-6764-4a86-b3f6-f326c36cbae7]: BUSY {"metadata":{"emulator":{"name":"functions"},"message":"[worker-us-central1-api-6fe72c5e-6764-4a86-b3f6-f326c36cbae7]: BUSY"}}
[debug] [2022-03-13T20:58:22.161Z] [runtime-status] [9764] Trigger "us-central1-api" has been found, beginning invocation! {"metadata":{"emulator":{"name":"functions"},"function":{"name":"us-central1-api"},"message":"[runtime-status] [9764] Trigger \"us-central1-api\" has been found, beginning invocation!"}}
[info] i  functions: Beginning execution of "us-central1-api" {"metadata":{"emulator":{"name":"functions"},"function":{"name":"us-central1-api"},"message":"Beginning execution of \"us-central1-api\""}}
[debug] [2022-03-13T20:58:22.164Z] [runtime-status] [9764] triggerDefinition {"httpsTrigger":{},"name":"api","entryPoint":"api","regions":["us-central1"],"region":"us-central1","id":"us-central1-api"} {"metadata":{"emulator":{"name":"functions"},"function":{"name":"us-central1-api"},"message":"[runtime-status] [9764] triggerDefinition {\"httpsTrigger\":{},\"name\":\"api\",\"entryPoint\":\"api\",\"regions\":[\"us-central1\"],\"region\":\"us-central1\",\"id\":\"us-central1-api\"}"}}
[debug] [2022-03-13T20:58:22.164Z] [runtime-status] [9764] Running us-central1-api in mode HTTPS {"metadata":{"emulator":{"name":"functions"},"function":{"name":"us-central1-api"},"message":"[runtime-status] [9764] Running us-central1-api in mode HTTPS"}}
[debug] [2022-03-13T20:58:22.165Z] [runtime-status] [9764] Attempting to listen to socketPath: /var/folders/3q/j7m9rplj35d8rkwj_jd_mxwc0000gn/T/fire_emu_9764.sock {"metadata":{"emulator":{"name":"functions"},"function":{"name":"us-central1-api"},"message":"[runtime-status] [9764] Attempting to listen to socketPath: /var/folders/3q/j7m9rplj35d8rkwj_jd_mxwc0000gn/T/fire_emu_9764.sock"}}
[debug] [2022-03-13T20:58:22.170Z] [functions] Runtime ready! Sending request! {"metadata":{"emulator":{"name":"functions"},"message":"[functions] Runtime ready! Sending request!"}}
[debug] [2022-03-13T20:58:22.171Z] [functions] Got req.url=/shopping-app-v10/us-central1/api/payments/create?total=2230, mapping to path=/payments/create?total=2230 {"metadata":{"emulator":{"name":"functions"},"message":"[functions] Got req.url=/shopping-app-v10/us-central1/api/payments/create?total=2230, mapping to path=/payments/create?total=2230"}}
[debug] [2022-03-13T20:58:22.181Z] [runtime-status] [9764] Ephemeral server handling POST request {"metadata":{"emulator":{"name":"functions"},"function":{"name":"us-central1-api"},"message":"[runtime-status] [9764] Ephemeral server handling POST request"}}
[info] >  Payment Request Recieved BOOM!!! for this amount >>>  2230 {"user":"Payment Request Recieved BOOM!!! for this amount >>>  2230","metadata":{"emulator":{"name":"functions"},"function":{"name":"us-central1-api"},"message":"\u001b[90m> \u001b[39m Payment Request Recieved BOOM!!! for this amount >>>  2230"}}
[debug] [2022-03-13T20:58:22.193Z] [runtime-status] [9764] Ephemeral server survived. {"metadata":{"emulator":{"name":"functions"},"function":{"name":"us-central1-api"},"message":"[runtime-status] [9764] Ephemeral server survived."}}
[info] i  functions: Finished "us-central1-api" in ~1s {"metadata":{"emulator":{"name":"functions"},"function":{"name":"us-central1-api"},"message":"Finished \"us-central1-api\" in ~1s"}}
[debug] [2022-03-13T20:58:22.832Z] [worker-us-central1-api-6fe72c5e-6764-4a86-b3f6-f326c36cbae7]: IDLE {"metadata":{"emulator":{"name":"functions"},"message":"[worker-us-central1-api-6fe72c5e-6764-4a86-b3f6-f326c36cbae7]: IDLE"}}
[debug] [2022-03-13T20:58:22.833Z] [work-queue] {"queueLength":0,"workRunningCount":0}
[debug] [2022-03-13T21:02:08.314Z] [work-queue] {"queueLength":1,"workRunningCount":0}
[debug] [2022-03-13T21:02:08.316Z] [work-queue] {"queueLength":0,"workRunningCount":1}
[debug] [2022-03-13T21:02:08.316Z] Accepted request POST /shopping-app-v10/us-central1/api/payments/create?total=2230 --> us-central1-api
[debug] [2022-03-13T21:02:08.317Z] [worker-pool] submitWork(triggerId=us-central1-api) {"metadata":{"emulator":{"name":"functions"},"message":"[worker-pool] submitWork(triggerId=us-central1-api)"}}
[debug] [2022-03-13T21:02:08.318Z] [worker-us-central1-api-6fe72c5e-6764-4a86-b3f6-f326c36cbae7]: Assigning socketPath: /var/folders/3q/j7m9rplj35d8rkwj_jd_mxwc0000gn/T/fire_emu_9764.sock {"metadata":{"emulator":{"name":"functions"},"message":"[worker-us-central1-api-6fe72c5e-6764-4a86-b3f6-f326c36cbae7]: Assigning socketPath: /var/folders/3q/j7m9rplj35d8rkwj_jd_mxwc0000gn/T/fire_emu_9764.sock"}}
[debug] [2022-03-13T21:02:08.318Z] [worker-us-central1-api-6fe72c5e-6764-4a86-b3f6-f326c36cbae7]: BUSY {"metadata":{"emulator":{"name":"functions"},"message":"[worker-us-central1-api-6fe72c5e-6764-4a86-b3f6-f326c36cbae7]: BUSY"}}
[debug] [2022-03-13T21:02:08.328Z] [runtime-status] [9764] Trigger "us-central1-api" has been found, beginning invocation! {"metadata":{"emulator":{"name":"functions"},"function":{"name":"us-central1-api"},"message":"[runtime-status] [9764] Trigger \"us-central1-api\" has been found, beginning invocation!"}}
[info] i  functions: Beginning execution of "us-central1-api" {"metadata":{"emulator":{"name":"functions"},"function":{"name":"us-central1-api"},"message":"Beginning execution of \"us-central1-api\""}}
[debug] [2022-03-13T21:02:08.331Z] [runtime-status] [9764] triggerDefinition {"httpsTrigger":{},"name":"api","entryPoint":"api","regions":["us-central1"],"region":"us-central1","id":"us-central1-api"} {"metadata":{"emulator":{"name":"functions"},"function":{"name":"us-central1-api"},"message":"[runtime-status] [9764] triggerDefinition {\"httpsTrigger\":{},\"name\":\"api\",\"entryPoint\":\"api\",\"regions\":[\"us-central1\"],\"region\":\"us-central1\",\"id\":\"us-central1-api\"}"}}
[debug] [2022-03-13T21:02:08.331Z] [runtime-status] [9764] Running us-central1-api in mode HTTPS {"metadata":{"emulator":{"name":"functions"},"function":{"name":"us-central1-api"},"message":"[runtime-status] [9764] Running us-central1-api in mode HTTPS"}}
[debug] [2022-03-13T21:02:08.336Z] [runtime-status] [9764] Attempting to listen to socketPath: /var/folders/3q/j7m9rplj35d8rkwj_jd_mxwc0000gn/T/fire_emu_9764.sock {"metadata":{"emulator":{"name":"functions"},"function":{"name":"us-central1-api"},"message":"[runtime-status] [9764] Attempting to listen to socketPath: /var/folders/3q/j7m9rplj35d8rkwj_jd_mxwc0000gn/T/fire_emu_9764.sock"}}
[debug] [2022-03-13T21:02:08.344Z] [functions] Runtime ready! Sending request! {"metadata":{"emulator":{"name":"functions"},"message":"[functions] Runtime ready! Sending request!"}}
[debug] [2022-03-13T21:02:08.344Z] [functions] Got req.url=/shopping-app-v10/us-central1/api/payments/create?total=2230, mapping to path=/payments/create?total=2230 {"metadata":{"emulator":{"name":"functions"},"message":"[functions] Got req.url=/shopping-app-v10/us-central1/api/payments/create?total=2230, mapping to path=/payments/create?total=2230"}}
[debug] [2022-03-13T21:02:08.362Z] [runtime-status] [9764] Ephemeral server handling POST request {"metadata":{"emulator":{"name":"functions"},"function":{"name":"us-central1-api"},"message":"[runtime-status] [9764] Ephemeral server handling POST request"}}
[info] >  Payment Request Recieved BOOM!!! for this amount >>>  2230 {"user":"Payment Request Recieved BOOM!!! for this amount >>>  2230","metadata":{"emulator":{"name":"functions"},"function":{"name":"us-central1-api"},"message":"\u001b[90m> \u001b[39m Payment Request Recieved BOOM!!! for this amount >>>  2230"}}
[debug] [2022-03-13T21:02:08.370Z] [runtime-status] [9764] Ephemeral server survived. {"metadata":{"emulator":{"name":"functions"},"function":{"name":"us-central1-api"},"message":"[runtime-status] [9764] Ephemeral server survived."}}
[info] i  functions: Finished "us-central1-api" in ~1s {"metadata":{"emulator":{"name":"functions"},"function":{"name":"us-central1-api"},"message":"Finished \"us-central1-api\" in ~1s"}}
[debug] [2022-03-13T21:02:08.917Z] [worker-us-central1-api-6fe72c5e-6764-4a86-b3f6-f326c36cbae7]: IDLE {"metadata":{"emulator":{"name":"functions"},"message":"[worker-us-central1-api-6fe72c5e-6764-4a86-b3f6-f326c36cbae7]: IDLE"}}
[debug] [2022-03-13T21:02:08.917Z] [work-queue] {"queueLength":0,"workRunningCount":0}
